###############################################################################
#
# IAR ANSI C/C++ Compiler V8.22.1.15669/W32 for ARM       20/Dec/2025  16:25:35
# Copyright 1999-2018 IAR Systems AB.
#
#    Cpu mode     =  thumb
#    Endian       =  little
#    Source file  =  
#        C:\Users\pnu3\Desktop\deskproject\Embedded_System_TermProject\user\app_tasks.c
#    Command line =  
#        -f C:\Users\pnu3\AppData\Local\Temp\EW3398.tmp
#        (C:\Users\pnu3\Desktop\deskproject\Embedded_System_TermProject\user\app_tasks.c
#        -D USE_STDPERIPH_DRIVER -D STM32F10X_CL -lC
#        C:\Users\pnu3\Desktop\deskproject\Embedded_System_TermProject\Debug\List
#        -o
#        C:\Users\pnu3\Desktop\deskproject\Embedded_System_TermProject\Debug\Obj
#        --no_cse --no_unroll --no_inline --no_code_motion --no_tbaa
#        --no_clustering --no_scheduling --debug --endian=little
#        --cpu=Cortex-M3 -e --fpu=None --dlib_config "C:\Program Files
#        (x86)\IAR Systems\Embedded Workbench
#        8.0\arm\INC\c\DLib_Config_Normal.h" -I
#        C:\Users\pnu3\Desktop\deskproject\Embedded_System_TermProject\libraries\CMSIS\DeviceSupport\
#        -I
#        C:\Users\pnu3\Desktop\deskproject\Embedded_System_TermProject\libraries\CMSIS\DeviceSupport\Startup\
#        -I
#        C:\Users\pnu3\Desktop\deskproject\Embedded_System_TermProject\libraries\STM32F10x_StdPeriph_Driver_v3.5\inc\
#        -I
#        C:\Users\pnu3\Desktop\deskproject\Embedded_System_TermProject\libraries\STM32F10x_StdPeriph_Driver_v3.5\src\
#        -I C:\Users\pnu3\Desktop\deskproject\Embedded_System_TermProject\user\
#        -I
#        C:\Users\pnu3\Desktop\deskproject\Embedded_System_TermProject\user\inc\
#        -I
#        C:\Users\pnu3\Desktop\deskproject\Embedded_System_TermProject\libraries\LCD\
#        -I
#        C:\Users\pnu3\Desktop\deskproject\Embedded_System_TermProject\Micrium\Software\uC-CPU\
#        -I
#        C:\Users\pnu3\Desktop\deskproject\Embedded_System_TermProject\Micrium\Software\uC-CPU\ARM-Cortex-M\ARMv7-M\IAR\
#        -I
#        C:\Users\pnu3\Desktop\deskproject\Embedded_System_TermProject\Micrium\Software\uCOS-III\Source\
#        -I
#        C:\Users\pnu3\Desktop\deskproject\Embedded_System_TermProject\Micrium\Software\uCOS-III\Ports\ARM-Cortex-M\ARMv7-M\IAR\
#        -I
#        C:\Users\pnu3\Desktop\deskproject\Embedded_System_TermProject\user\uCOS-III\
#        -I
#        C:\Users\pnu3\Desktop\deskproject\Embedded_System_TermProject\Micrium\Software\uC-LIB\
#        -Ol -I "C:\Program Files (x86)\IAR Systems\Embedded Workbench
#        8.0\arm\CMSIS\Core\Include\" -I "C:\Program Files (x86)\IAR
#        Systems\Embedded Workbench 8.0\arm\CMSIS\DSP\Include\")
#    Locale       =  C
#    List file    =  
#        C:\Users\pnu3\Desktop\deskproject\Embedded_System_TermProject\Debug\List\app_tasks.lst
#    Object file  =  
#        C:\Users\pnu3\Desktop\deskproject\Embedded_System_TermProject\Debug\Obj\app_tasks.o
#
###############################################################################

C:\Users\pnu3\Desktop\deskproject\Embedded_System_TermProject\user\app_tasks.c
      1          #include "app_tasks.h"
      2          #include "includes.h"
      3          #include "globals.h"
      4          #include "bsp.h"
      5          #include "lcd.h" // Added LCD header
      6          
      7          // Global Handles

   \                                 In section .bss, align 4
      8          OS_Q PirDataQ;
   \                     PirDataQ:
   \   00000000                      DS8 24

   \                                 In section .bss, align 4
      9          OS_Q StateQ;
   \                     StateQ:
   \   00000000                      DS8 24

   \                                 In section .bss, align 4
     10          OS_Q ServoQ;
   \                     ServoQ:
   \   00000000                      DS8 24

   \                                 In section .bss, align 4
     11          OS_Q BluetoothRxQ;
   \                     BluetoothRxQ:
   \   00000000                      DS8 24
     12          

   \                                 In section .rodata, align 1
     13          const uint8_t MSG_TOUCH_RESET_CODE = 255;
   \                     MSG_TOUCH_RESET_CODE:
   \   00000000   0xFF               DC8 255
     14          
     15          // Task Stacks & TCBs (Defined here or extern if needed elsewhere)

   \                                 In section .bss, align 4
     16          OS_TCB PirTaskTCB;
   \                     PirTaskTCB:
   \   00000000                      DS8 168

   \                                 In section .bss, align 4
     17          CPU_STK PirTaskStk[128];
   \                     PirTaskStk:
   \   00000000                      DS8 512
     18          

   \                                 In section .bss, align 4
     19          OS_TCB StatusTaskTCB;
   \                     StatusTaskTCB:
   \   00000000                      DS8 168

   \                                 In section .bss, align 4
     20          CPU_STK StatusTaskStk[128];
   \                     StatusTaskStk:
   \   00000000                      DS8 512
     21          

   \                                 In section .bss, align 4
     22          OS_TCB ServoTaskTCB;
   \                     ServoTaskTCB:
   \   00000000                      DS8 168

   \                                 In section .bss, align 4
     23          CPU_STK ServoTaskStk[128];
   \                     ServoTaskStk:
   \   00000000                      DS8 512
     24          

   \                                 In section .bss, align 4
     25          OS_TCB DisplayTaskTCB;
   \                     DisplayTaskTCB:
   \   00000000                      DS8 168

   \                                 In section .bss, align 4
     26          CPU_STK DisplayTaskStk[256]; // Increased Stack
   \                     DisplayTaskStk:
   \   00000000                      DS8 1024
     27          

   \                                 In section .bss, align 4
     28          OS_TCB BluetoothTaskTCB;
   \                     BluetoothTaskTCB:
   \   00000000                      DS8 168

   \                                 In section .bss, align 4
     29          CPU_STK BluetoothTaskStk[128];
   \                     BluetoothTaskStk:
   \   00000000                      DS8 512
     30          
     31          // Variables

   \                                 In section .bss, align 4
     32          volatile uint32_t idle_counter = 0;
   \                     idle_counter:
   \   00000000                      DS8 4

   \                                 In section .bss, align 4
     33          volatile uint32_t suspicious_counter = 0;
   \                     suspicious_counter:
   \   00000000                      DS8 4

   \                                 In section .data, align 1
     34          volatile uint8_t current_state = 1; // 1: Occupied, 2: Vacant, 3: Suspicious
   \                     current_state:
   \   00000000   0x01               DC8 1
     35          

   \                                 In section .bss, align 1
     36          volatile uint8_t g_debug_pir_val = 0; // GLOBAL DEBUG VARIABLE
   \                     g_debug_pir_val:
   \   00000000                      DS8 1
     37          
     38          // --- Tasks ---
     39          

   \                                 In section .text, align 2, keep-with-next
     40          void PIR_Task(void *p_arg) {
   \                     PIR_Task: (+1)
   \   00000000   0xB5E0             PUSH     {R5-R7,LR}
     41          	OS_ERR err;
     42              uint8_t pir_val = 0;
   \   00000002   0x2000             MOVS     R0,#+0
   \   00000004   0xF88D 0x0008      STRB     R0,[SP, #+8]
     43              
     44          	while(1) {
     45                  pir_val = PIR_Read();
   \                     ??PIR_Task_0: (+1)
   \   00000008   0x.... 0x....      BL       PIR_Read
   \   0000000C   0xF88D 0x0008      STRB     R0,[SP, #+8]
     46                  g_debug_pir_val = pir_val;
   \   00000010   0xF89D 0x0008      LDRB     R0,[SP, #+8]
   \   00000014   0x.... 0x....      LDR.W    R1,??DataTable4
   \   00000018   0x7008             STRB     R0,[R1, #+0]
     47                  
     48                  if (pir_val == 1) { // Motion
   \   0000001A   0xF89D 0x0008      LDRB     R0,[SP, #+8]
   \   0000001E   0x2801             CMP      R0,#+1
   \   00000020   0xD109             BNE.N    ??PIR_Task_1
     49                       OSQPost(&PirDataQ, &pir_val, sizeof(uint8_t), OS_OPT_POST_FIFO, &err);
   \   00000022   0xF10D 0x000A      ADD      R0,SP,#+10
   \   00000026   0x9000             STR      R0,[SP, #+0]
   \   00000028   0x2300             MOVS     R3,#+0
   \   0000002A   0x2201             MOVS     R2,#+1
   \   0000002C   0xA902             ADD      R1,SP,#+8
   \   0000002E   0x.... 0x....      LDR.W    R0,??DataTable4_1
   \   00000032   0x.... 0x....      BL       OSQPost
     50                  }
     51          		OSTimeDlyHMSM(0, 0, 0, 50, OS_OPT_TIME_HMSM_STRICT, &err);
   \                     ??PIR_Task_1: (+1)
   \   00000036   0xF10D 0x000A      ADD      R0,SP,#+10
   \   0000003A   0x9001             STR      R0,[SP, #+4]
   \   0000003C   0x2000             MOVS     R0,#+0
   \   0000003E   0x9000             STR      R0,[SP, #+0]
   \   00000040   0x2332             MOVS     R3,#+50
   \   00000042   0x2200             MOVS     R2,#+0
   \   00000044   0x2100             MOVS     R1,#+0
   \   00000046   0x2000             MOVS     R0,#+0
   \   00000048   0x.... 0x....      BL       OSTimeDlyHMSM
   \   0000004C   0xE7DC             B.N      ??PIR_Task_0
     52          	}
     53          }
     54          

   \                                 In section .text, align 2, keep-with-next
     55          void Status_Task(void *p_arg) {
   \                     Status_Task: (+1)
   \   00000000   0xB5F8             PUSH     {R3-R7,LR}
     56          	OS_ERR err;
     57              void *msg;
                           ^
Warning[Pe550]: variable "msg" was set but never used
     58              OS_MSG_SIZE size;
     59              uint16_t light_val = 0;
   \   00000002   0x2000             MOVS     R0,#+0
     60              uint8_t state_msg = 0;
   \   00000004   0x2000             MOVS     R0,#+0
   \   00000006   0xF88D 0x0008      STRB     R0,[SP, #+8]
     61              
     62              // Initial State Update
     63              OSQPost(&StateQ, (void *)&current_state, sizeof(uint8_t), OS_OPT_POST_FIFO, &err);
   \   0000000A   0xF10D 0x000A      ADD      R0,SP,#+10
   \   0000000E   0x9000             STR      R0,[SP, #+0]
   \   00000010   0x2300             MOVS     R3,#+0
   \   00000012   0x2201             MOVS     R2,#+1
   \   00000014   0x.... 0x....      LDR.W    R1,??DataTable4_2
   \   00000018   0x.... 0x....      LDR.W    R0,??DataTable4_3
   \   0000001C   0x.... 0x....      BL       OSQPost
   \   00000020   0xE007             B.N      ??Status_Task_0
     64          
     65          	while(1) {
     66                  // Wait for PIR data or Timeout (1s)
     67                  msg = OSQPend(&PirDataQ, 1000, OS_OPT_PEND_BLOCKING, &size, NULL, &err);
     68          
     69                  if (err == OS_ERR_NONE) {
     70                      // Motion Detected -> Occupied
     71                      idle_counter = 0;
     72                      suspicious_counter = 0;
     73                      if (current_state != 1) {
     74                          current_state = 1;
     75                          state_msg = current_state;
     76                          OSQPost(&StateQ, &state_msg, sizeof(uint8_t), OS_OPT_POST_FIFO, &err);
     77                      }
     78                  } else if (err == OS_ERR_TIMEOUT) {
     79                      // No Motion for 1 sec
     80                      idle_counter++;
     81                      
     82                      if (current_state == 1 && idle_counter >= 5) { // 5s test (req 10min)
     83                           // Check Light
     84                           light_val = LightSensor_Read();
     85                           if (light_val > 3500) { // Bright -> Suspicious
     86                               current_state = 3;
     87                           } else { // Dark -> Vacant
     88                               current_state = 2;
     89                           }
     90                           state_msg = current_state;
     91                           OSQPost(&StateQ, &state_msg, sizeof(uint8_t), OS_OPT_POST_FIFO, &err);
     92                      }
     93                      
     94                      if (current_state == 3) {
     95                          suspicious_counter++;
     96                          if (suspicious_counter > 15) { // Demo threshold: 15s? (Req 5min)
     97                              // Trigger Servo
     98                              uint8_t servo_cmd = 1;
     99                              OSQPost(&ServoQ, &servo_cmd, 1, OS_OPT_POST_FIFO, &err);
    100                              suspicious_counter = 0;
    101                          }
    102                      }
    103                  }
    104                  
    105                  // Output State to LED/LCD
    106                  if(current_state == 1) {
    107                      LED_Set(1, 1); LED_Set(2, 0); // Green ON
   \                     ??Status_Task_1: (+1)
   \   00000022   0x2101             MOVS     R1,#+1
   \   00000024   0x2001             MOVS     R0,#+1
   \   00000026   0x.... 0x....      BL       LED_Set
   \   0000002A   0x2100             MOVS     R1,#+0
   \   0000002C   0x2002             MOVS     R0,#+2
   \   0000002E   0x.... 0x....      BL       LED_Set
    108                  } else if (current_state == 2) {
   \                     ??Status_Task_0: (+1)
   \   00000032   0xF10D 0x000A      ADD      R0,SP,#+10
   \   00000036   0x9001             STR      R0,[SP, #+4]
   \   00000038   0x2000             MOVS     R0,#+0
   \   0000003A   0x9000             STR      R0,[SP, #+0]
   \   0000003C   0xAB03             ADD      R3,SP,#+12
   \   0000003E   0x2200             MOVS     R2,#+0
   \   00000040   0xF44F 0x717A      MOV      R1,#+1000
   \   00000044   0x.... 0x....      LDR.W    R0,??DataTable4_1
   \   00000048   0x.... 0x....      BL       OSQPend
   \   0000004C   0xF8BD 0x000A      LDRH     R0,[SP, #+10]
   \   00000050   0x2800             CMP      R0,#+0
   \   00000052   0xD120             BNE.N    ??Status_Task_2
   \   00000054   0x2000             MOVS     R0,#+0
   \   00000056   0x.... 0x....      LDR.W    R1,??DataTable4_4
   \   0000005A   0x6008             STR      R0,[R1, #+0]
   \   0000005C   0x2000             MOVS     R0,#+0
   \   0000005E   0x.... 0x....      LDR.W    R1,??DataTable4_5
   \   00000062   0x6008             STR      R0,[R1, #+0]
   \   00000064   0x.... 0x....      LDR.W    R0,??DataTable4_2
   \   00000068   0x7800             LDRB     R0,[R0, #+0]
   \   0000006A   0x2801             CMP      R0,#+1
   \   0000006C   0xD061             BEQ.N    ??Status_Task_3
   \   0000006E   0x2001             MOVS     R0,#+1
   \   00000070   0x.... 0x....      LDR.W    R1,??DataTable4_2
   \   00000074   0x7008             STRB     R0,[R1, #+0]
   \   00000076   0x.... 0x....      LDR.W    R0,??DataTable4_2
   \   0000007A   0x7800             LDRB     R0,[R0, #+0]
   \   0000007C   0xF88D 0x0008      STRB     R0,[SP, #+8]
   \   00000080   0xF10D 0x000A      ADD      R0,SP,#+10
   \   00000084   0x9000             STR      R0,[SP, #+0]
   \   00000086   0x2300             MOVS     R3,#+0
   \   00000088   0x2201             MOVS     R2,#+1
   \   0000008A   0xA902             ADD      R1,SP,#+8
   \   0000008C   0x.... 0x....      LDR.W    R0,??DataTable4_3
   \   00000090   0x.... 0x....      BL       OSQPost
   \   00000094   0xE04D             B.N      ??Status_Task_3
   \                     ??Status_Task_2: (+1)
   \   00000096   0xF8BD 0x000A      LDRH     R0,[SP, #+10]
   \   0000009A   0xF247 0x21D9      MOVW     R1,#+29401
   \   0000009E   0x4288             CMP      R0,R1
   \   000000A0   0xD147             BNE.N    ??Status_Task_3
   \   000000A2   0x.... 0x....      LDR.W    R0,??DataTable4_4
   \   000000A6   0x6800             LDR      R0,[R0, #+0]
   \   000000A8   0x1C40             ADDS     R0,R0,#+1
   \   000000AA   0x.... 0x....      LDR.W    R1,??DataTable4_4
   \   000000AE   0x6008             STR      R0,[R1, #+0]
   \   000000B0   0x.... 0x....      LDR.W    R0,??DataTable4_2
   \   000000B4   0x7800             LDRB     R0,[R0, #+0]
   \   000000B6   0x2801             CMP      R0,#+1
   \   000000B8   0xD11F             BNE.N    ??Status_Task_4
   \   000000BA   0x.... 0x....      LDR.W    R0,??DataTable4_4
   \   000000BE   0x6800             LDR      R0,[R0, #+0]
   \   000000C0   0x2805             CMP      R0,#+5
   \   000000C2   0xD31A             BCC.N    ??Status_Task_4
   \   000000C4   0x.... 0x....      BL       LightSensor_Read
   \   000000C8   0xB280             UXTH     R0,R0            ;; ZeroExt  R0,R0,#+16,#+16
   \   000000CA   0xF640 0x51AD      MOVW     R1,#+3501
   \   000000CE   0x4288             CMP      R0,R1
   \   000000D0   0xDB03             BLT.N    ??Status_Task_5
   \   000000D2   0x2003             MOVS     R0,#+3
   \   000000D4   0x....             LDR.N    R1,??DataTable4_2
   \   000000D6   0x7008             STRB     R0,[R1, #+0]
   \   000000D8   0xE002             B.N      ??Status_Task_6
   \                     ??Status_Task_5: (+1)
   \   000000DA   0x2002             MOVS     R0,#+2
   \   000000DC   0x....             LDR.N    R1,??DataTable4_2
   \   000000DE   0x7008             STRB     R0,[R1, #+0]
   \                     ??Status_Task_6: (+1)
   \   000000E0   0x....             LDR.N    R0,??DataTable4_2
   \   000000E2   0x7800             LDRB     R0,[R0, #+0]
   \   000000E4   0xF88D 0x0008      STRB     R0,[SP, #+8]
   \   000000E8   0xF10D 0x000A      ADD      R0,SP,#+10
   \   000000EC   0x9000             STR      R0,[SP, #+0]
   \   000000EE   0x2300             MOVS     R3,#+0
   \   000000F0   0x2201             MOVS     R2,#+1
   \   000000F2   0xA902             ADD      R1,SP,#+8
   \   000000F4   0x....             LDR.N    R0,??DataTable4_3
   \   000000F6   0x.... 0x....      BL       OSQPost
   \                     ??Status_Task_4: (+1)
   \   000000FA   0x....             LDR.N    R0,??DataTable4_2
   \   000000FC   0x7800             LDRB     R0,[R0, #+0]
   \   000000FE   0x2803             CMP      R0,#+3
   \   00000100   0xD117             BNE.N    ??Status_Task_3
   \   00000102   0x....             LDR.N    R0,??DataTable4_5
   \   00000104   0x6800             LDR      R0,[R0, #+0]
   \   00000106   0x1C40             ADDS     R0,R0,#+1
   \   00000108   0x....             LDR.N    R1,??DataTable4_5
   \   0000010A   0x6008             STR      R0,[R1, #+0]
   \   0000010C   0x....             LDR.N    R0,??DataTable4_5
   \   0000010E   0x6800             LDR      R0,[R0, #+0]
   \   00000110   0x2810             CMP      R0,#+16
   \   00000112   0xD30E             BCC.N    ??Status_Task_3
   \   00000114   0x2001             MOVS     R0,#+1
   \   00000116   0xF88D 0x0004      STRB     R0,[SP, #+4]
   \   0000011A   0xF10D 0x000A      ADD      R0,SP,#+10
   \   0000011E   0x9000             STR      R0,[SP, #+0]
   \   00000120   0x2300             MOVS     R3,#+0
   \   00000122   0x2201             MOVS     R2,#+1
   \   00000124   0xA901             ADD      R1,SP,#+4
   \   00000126   0x....             LDR.N    R0,??DataTable4_6
   \   00000128   0x.... 0x....      BL       OSQPost
   \   0000012C   0x2000             MOVS     R0,#+0
   \   0000012E   0x....             LDR.N    R1,??DataTable4_5
   \   00000130   0x6008             STR      R0,[R1, #+0]
   \                     ??Status_Task_3: (+1)
   \   00000132   0x....             LDR.N    R0,??DataTable4_2
   \   00000134   0x7800             LDRB     R0,[R0, #+0]
   \   00000136   0x2801             CMP      R0,#+1
   \   00000138   0xF43F 0xAF73      BEQ.W    ??Status_Task_1
   \   0000013C   0x....             LDR.N    R0,??DataTable4_2
   \   0000013E   0x7800             LDRB     R0,[R0, #+0]
   \   00000140   0x2802             CMP      R0,#+2
   \   00000142   0xD108             BNE.N    ??Status_Task_7
    109                      LED_Set(1, 0); LED_Set(2, 0); // All OFF
   \   00000144   0x2100             MOVS     R1,#+0
   \   00000146   0x2001             MOVS     R0,#+1
   \   00000148   0x.... 0x....      BL       LED_Set
   \   0000014C   0x2100             MOVS     R1,#+0
   \   0000014E   0x2002             MOVS     R0,#+2
   \   00000150   0x.... 0x....      BL       LED_Set
   \   00000154   0xE76D             B.N      ??Status_Task_0
    110                  } else {
    111                      LED_Set(1, 0); LED_Set(2, 1); // Red ON
   \                     ??Status_Task_7: (+1)
   \   00000156   0x2100             MOVS     R1,#+0
   \   00000158   0x2001             MOVS     R0,#+1
   \   0000015A   0x.... 0x....      BL       LED_Set
   \   0000015E   0x2101             MOVS     R1,#+1
   \   00000160   0x2002             MOVS     R0,#+2
   \   00000162   0x.... 0x....      BL       LED_Set
   \   00000166   0xE764             B.N      ??Status_Task_0
    112                  }
    113          	}
    114          }
    115          

   \                                 In section .text, align 2, keep-with-next
    116          void Servo_Task(void *p_arg) {
   \                     Servo_Task: (+1)
   \   00000000   0xB5E0             PUSH     {R5-R7,LR}
    117              OS_ERR err;
    118              void *msg;
                           ^
Warning[Pe550]: variable "msg" was set but never used
    119              OS_MSG_SIZE size;
    120              
    121              while(1) {
    122                  msg = OSQPend(&ServoQ, 0, OS_OPT_PEND_BLOCKING, &size, NULL, &err);
   \                     ??Servo_Task_0: (+1)
   \   00000002   0xA802             ADD      R0,SP,#+8
   \   00000004   0x9001             STR      R0,[SP, #+4]
   \   00000006   0x2000             MOVS     R0,#+0
   \   00000008   0x9000             STR      R0,[SP, #+0]
   \   0000000A   0xF10D 0x030A      ADD      R3,SP,#+10
   \   0000000E   0x2200             MOVS     R2,#+0
   \   00000010   0x2100             MOVS     R1,#+0
   \   00000012   0x....             LDR.N    R0,??DataTable4_6
   \   00000014   0x.... 0x....      BL       OSQPend
    123                  if (err == OS_ERR_NONE) {
   \   00000018   0xF8BD 0x0008      LDRH     R0,[SP, #+8]
   \   0000001C   0x2800             CMP      R0,#+0
   \   0000001E   0xD1F0             BNE.N    ??Servo_Task_0
    124                      // Wave Flag
    125                      Servo_SetAngle(90);
   \   00000020   0x205A             MOVS     R0,#+90
   \   00000022   0x.... 0x....      BL       Servo_SetAngle
    126                      OSTimeDlyHMSM(0, 0, 1, 0, OS_OPT_TIME_HMSM_STRICT, &err);
   \   00000026   0xA802             ADD      R0,SP,#+8
   \   00000028   0x9001             STR      R0,[SP, #+4]
   \   0000002A   0x2000             MOVS     R0,#+0
   \   0000002C   0x9000             STR      R0,[SP, #+0]
   \   0000002E   0x2300             MOVS     R3,#+0
   \   00000030   0x2201             MOVS     R2,#+1
   \   00000032   0x2100             MOVS     R1,#+0
   \   00000034   0x2000             MOVS     R0,#+0
   \   00000036   0x.... 0x....      BL       OSTimeDlyHMSM
    127                      Servo_SetAngle(0);
   \   0000003A   0x2000             MOVS     R0,#+0
   \   0000003C   0x.... 0x....      BL       Servo_SetAngle
   \   00000040   0xE7DF             B.N      ??Servo_Task_0
    128                  }
    129              }
    130          }
    131          

   \                                 In section .text, align 2, keep-with-next
    132          void Display_Task(void *p_arg) {
   \                     Display_Task: (+1)
   \   00000000   0xB518             PUSH     {R3,R4,LR}
   \   00000002   0xB093             SUB      SP,SP,#+76
    133              OS_ERR err;
    134              void *msg;
    135              OS_MSG_SIZE size;
    136              uint8_t rx_state = 0;
   \   00000004   0x2000             MOVS     R0,#+0
    137              char str_buf[30];
    138              char debug_buf[30];
    139              uint32_t live_tick = 0;
   \   00000006   0x2400             MOVS     R4,#+0
    140              
    141              LCD_Clear(WHITE);
   \   00000008   0xF64F 0x70FF      MOVW     R0,#+65535
   \   0000000C   0x.... 0x....      BL       LCD_Clear
    142              LCD_ShowString(10, 10, "System Ready", BLACK, WHITE);
   \   00000010   0xF64F 0x70FF      MOVW     R0,#+65535
   \   00000014   0x9000             STR      R0,[SP, #+0]
   \   00000016   0x2300             MOVS     R3,#+0
   \   00000018   0x....             LDR.N    R2,??DataTable4_7
   \   0000001A   0x210A             MOVS     R1,#+10
   \   0000001C   0x200A             MOVS     R0,#+10
   \   0000001E   0x.... 0x....      BL       LCD_ShowString
   \   00000022   0xE04B             B.N      ??Display_Task_0
    143              
    144              while(1) {
    145                  // Check for State Update (Non-blocking)
    146                  msg = OSQPend(&StateQ, 0, OS_OPT_PEND_NON_BLOCKING, &size, NULL, &err);
    147                  
    148                  if (err == OS_ERR_NONE) {
    149                      rx_state = *(uint8_t*)msg;
    150                  }
    151                  
    152                  // Update Screen
    153                  if (current_state == 1) {
    154                       LCD_ShowString(10, 40, "STATUS: OCCUPIED  ", BLACK, WHITE);
    155                       sprintf(str_buf, "TIME: %d s        ", 0);
    156                  } else if (current_state == 2) {
    157                       LCD_ShowString(10, 40, "STATUS: VACANT    ", BLACK, WHITE);
    158                       sprintf(str_buf, "TIME: %d s        ", idle_counter);
    159                  } else if (current_state == 3) {
   \                     ??Display_Task_1: (+1)
   \   00000024   0x....             LDR.N    R0,??DataTable4_2
   \   00000026   0x7800             LDRB     R0,[R0, #+0]
   \   00000028   0x2803             CMP      R0,#+3
   \   0000002A   0xD122             BNE.N    ??Display_Task_2
    160                       LCD_ShowString(10, 40, "STATUS: SUSPICIOUS", BLACK, WHITE);
   \   0000002C   0xF64F 0x70FF      MOVW     R0,#+65535
   \   00000030   0x9000             STR      R0,[SP, #+0]
   \   00000032   0x2300             MOVS     R3,#+0
   \   00000034   0x....             LDR.N    R2,??DataTable4_8
   \   00000036   0x2128             MOVS     R1,#+40
   \   00000038   0x200A             MOVS     R0,#+10
   \   0000003A   0x.... 0x....      BL       LCD_ShowString
    161                       sprintf(str_buf, "TIME: %d s        ", suspicious_counter);
   \   0000003E   0x....             LDR.N    R0,??DataTable4_5
   \   00000040   0x6802             LDR      R2,[R0, #+0]
   \   00000042   0x....             LDR.N    R1,??DataTable4_9
   \   00000044   0xA803             ADD      R0,SP,#+12
   \   00000046   0x.... 0x....      BL       sprintf
   \   0000004A   0xE012             B.N      ??Display_Task_2
    162                  }
   \                     ??Display_Task_3: (+1)
   \   0000004C   0x....             LDR.N    R0,??DataTable4_2
   \   0000004E   0x7800             LDRB     R0,[R0, #+0]
   \   00000050   0x2802             CMP      R0,#+2
   \   00000052   0xD1E7             BNE.N    ??Display_Task_1
   \   00000054   0xF64F 0x70FF      MOVW     R0,#+65535
   \   00000058   0x9000             STR      R0,[SP, #+0]
   \   0000005A   0x2300             MOVS     R3,#+0
   \   0000005C   0x....             LDR.N    R2,??DataTable4_10
   \   0000005E   0x2128             MOVS     R1,#+40
   \   00000060   0x200A             MOVS     R0,#+10
   \   00000062   0x.... 0x....      BL       LCD_ShowString
   \   00000066   0x....             LDR.N    R0,??DataTable4_4
   \   00000068   0x6802             LDR      R2,[R0, #+0]
   \   0000006A   0x....             LDR.N    R1,??DataTable4_9
   \   0000006C   0xA803             ADD      R0,SP,#+12
   \   0000006E   0x.... 0x....      BL       sprintf
    163                  LCD_ShowString(10, 70, str_buf, BLACK, WHITE);
                                                ^
Warning[Pe167]: argument of type "char *" is incompatible with parameter of
          type "u8 *"
   \                     ??Display_Task_2: (+1)
   \   00000072   0xF64F 0x70FF      MOVW     R0,#+65535
   \   00000076   0x9000             STR      R0,[SP, #+0]
   \   00000078   0x2300             MOVS     R3,#+0
   \   0000007A   0xAA03             ADD      R2,SP,#+12
   \   0000007C   0x2146             MOVS     R1,#+70
   \   0000007E   0x200A             MOVS     R0,#+10
   \   00000080   0x.... 0x....      BL       LCD_ShowString
    164                  
    165                  // Debug Output (Real-time PIR + Live Tick)
    166                  sprintf(debug_buf, "PIR:%d  LIVE:%d", g_debug_pir_val, live_tick++);
   \   00000084   0x0023             MOVS     R3,R4
   \   00000086   0x....             LDR.N    R0,??DataTable4
   \   00000088   0x7802             LDRB     R2,[R0, #+0]
   \   0000008A   0x....             LDR.N    R1,??DataTable4_11
   \   0000008C   0xA80B             ADD      R0,SP,#+44
   \   0000008E   0x.... 0x....      BL       sprintf
   \   00000092   0x1C64             ADDS     R4,R4,#+1
    167                  LCD_ShowString(10, 100, debug_buf, RED, WHITE);
                                                 ^
Warning[Pe167]: argument of type "char *" is incompatible with parameter of
          type "u8 *"

      uint8_t rx_state = 0;
              ^
"C:\Users\pnu3\Desktop\deskproject\Embedded_System_TermProject\user\app_tasks.c",136  Warning[Pe550]: 
          variable "rx_state" was set but never used
   \   00000094   0xF64F 0x70FF      MOVW     R0,#+65535
   \   00000098   0x9000             STR      R0,[SP, #+0]
   \   0000009A   0xF44F 0x4378      MOV      R3,#+63488
   \   0000009E   0xAA0B             ADD      R2,SP,#+44
   \   000000A0   0x2164             MOVS     R1,#+100
   \   000000A2   0x200A             MOVS     R0,#+10
   \   000000A4   0x.... 0x....      BL       LCD_ShowString
    168          
    169                  // Refresh Rate: 100ms
    170                  OSTimeDlyHMSM(0, 0, 0, 100, OS_OPT_TIME_HMSM_STRICT, &err);
   \   000000A8   0xA802             ADD      R0,SP,#+8
   \   000000AA   0x9001             STR      R0,[SP, #+4]
   \   000000AC   0x2000             MOVS     R0,#+0
   \   000000AE   0x9000             STR      R0,[SP, #+0]
   \   000000B0   0x2364             MOVS     R3,#+100
   \   000000B2   0x2200             MOVS     R2,#+0
   \   000000B4   0x2100             MOVS     R1,#+0
   \   000000B6   0x2000             MOVS     R0,#+0
   \   000000B8   0x.... 0x....      BL       OSTimeDlyHMSM
   \                     ??Display_Task_0: (+1)
   \   000000BC   0xA802             ADD      R0,SP,#+8
   \   000000BE   0x9001             STR      R0,[SP, #+4]
   \   000000C0   0x2000             MOVS     R0,#+0
   \   000000C2   0x9000             STR      R0,[SP, #+0]
   \   000000C4   0xF10D 0x030A      ADD      R3,SP,#+10
   \   000000C8   0xF44F 0x4200      MOV      R2,#+32768
   \   000000CC   0x2100             MOVS     R1,#+0
   \   000000CE   0x....             LDR.N    R0,??DataTable4_3
   \   000000D0   0x.... 0x....      BL       OSQPend
   \   000000D4   0xF8BD 0x1008      LDRH     R1,[SP, #+8]
   \   000000D8   0x2900             CMP      R1,#+0
   \   000000DA   0xD100             BNE.N    ??Display_Task_4
   \   000000DC   0x7800             LDRB     R0,[R0, #+0]
   \                     ??Display_Task_4: (+1)
   \   000000DE   0x....             LDR.N    R0,??DataTable4_2
   \   000000E0   0x7800             LDRB     R0,[R0, #+0]
   \   000000E2   0x2801             CMP      R0,#+1
   \   000000E4   0xD1B2             BNE.N    ??Display_Task_3
   \   000000E6   0xF64F 0x70FF      MOVW     R0,#+65535
   \   000000EA   0x9000             STR      R0,[SP, #+0]
   \   000000EC   0x2300             MOVS     R3,#+0
   \   000000EE   0x....             LDR.N    R2,??DataTable4_12
   \   000000F0   0x2128             MOVS     R1,#+40
   \   000000F2   0x200A             MOVS     R0,#+10
   \   000000F4   0x.... 0x....      BL       LCD_ShowString
   \   000000F8   0x2200             MOVS     R2,#+0
   \   000000FA   0x....             LDR.N    R1,??DataTable4_9
   \   000000FC   0xA803             ADD      R0,SP,#+12
   \   000000FE   0x.... 0x....      BL       sprintf
   \   00000102   0xE7B6             B.N      ??Display_Task_2
    171              }
    172          }
    173          

   \                                 In section .text, align 2, keep-with-next
    174          void Bluetooth_Task(void *p_arg) {
   \                     Bluetooth_Task: (+1)
   \   00000000   0xB5E0             PUSH     {R5-R7,LR}
    175              OS_ERR err;
    176              void *msg;
                           ^
Warning[Pe177]: variable "msg" was declared but never referenced
    177              OS_MSG_SIZE size;
                                 ^
Warning[Pe177]: variable "size" was declared but never referenced
    178              
    179              while(1) {
    180                   OSTimeDlyHMSM(0, 0, 1, 0, OS_OPT_TIME_HMSM_STRICT, &err);
   \                     ??Bluetooth_Task_0: (+1)
   \   00000002   0xA802             ADD      R0,SP,#+8
   \   00000004   0x9001             STR      R0,[SP, #+4]
   \   00000006   0x2000             MOVS     R0,#+0
   \   00000008   0x9000             STR      R0,[SP, #+0]
   \   0000000A   0x2300             MOVS     R3,#+0
   \   0000000C   0x2201             MOVS     R2,#+1
   \   0000000E   0x2100             MOVS     R1,#+0
   \   00000010   0x2000             MOVS     R0,#+0
   \   00000012   0x.... 0x....      BL       OSTimeDlyHMSM
   \   00000016   0xE7F4             B.N      ??Bluetooth_Task_0
    181              }
    182          }
    183          

   \                                 In section .text, align 2, keep-with-next
    184          void AppTaskStart(void *p_arg) {
   \                     AppTaskStart: (+1)
   \   00000000   0xB580             PUSH     {R7,LR}
   \   00000002   0xB08A             SUB      SP,SP,#+40
    185          	OS_ERR err;
    186          	
    187              BSP_Init(); 
   \   00000004   0x.... 0x....      BL       BSP_Init
    188              
    189              // Create RTOS Objects
    190              OSQCreate(&PirDataQ, "PirQ", 10, &err);
   \   00000008   0xAB09             ADD      R3,SP,#+36
   \   0000000A   0x220A             MOVS     R2,#+10
   \   0000000C   0x....             LDR.N    R1,??DataTable4_13
   \   0000000E   0x....             LDR.N    R0,??DataTable4_1
   \   00000010   0x.... 0x....      BL       OSQCreate
    191              OSQCreate(&StateQ, "StateQ", 10, &err);
   \   00000014   0xAB09             ADD      R3,SP,#+36
   \   00000016   0x220A             MOVS     R2,#+10
   \   00000018   0x....             LDR.N    R1,??DataTable4_14
   \   0000001A   0x....             LDR.N    R0,??DataTable4_3
   \   0000001C   0x.... 0x....      BL       OSQCreate
    192              OSQCreate(&ServoQ, "ServoQ", 5, &err);
   \   00000020   0xAB09             ADD      R3,SP,#+36
   \   00000022   0x2205             MOVS     R2,#+5
   \   00000024   0x....             LDR.N    R1,??DataTable4_15
   \   00000026   0x....             LDR.N    R0,??DataTable4_6
   \   00000028   0x.... 0x....      BL       OSQCreate
    193              OSQCreate(&BluetoothRxQ, "BluetoothRxQ", 10, &err); 
   \   0000002C   0xAB09             ADD      R3,SP,#+36
   \   0000002E   0x220A             MOVS     R2,#+10
   \   00000030   0x....             LDR.N    R1,??DataTable4_16
   \   00000032   0x....             LDR.N    R0,??DataTable4_17
   \   00000034   0x.... 0x....      BL       OSQCreate
    194              
    195              // Create Application Tasks
    196              OSTaskCreate(&PirTaskTCB, "PIR Task", PIR_Task, 0, 4, &PirTaskStk[0], 12, 128, 0, 0, 0, OS_OPT_TASK_STK_CHK | OS_OPT_TASK_STK_CLR, &err);
   \   00000038   0xA809             ADD      R0,SP,#+36
   \   0000003A   0x9008             STR      R0,[SP, #+32]
   \   0000003C   0x2003             MOVS     R0,#+3
   \   0000003E   0x9007             STR      R0,[SP, #+28]
   \   00000040   0x2000             MOVS     R0,#+0
   \   00000042   0x9006             STR      R0,[SP, #+24]
   \   00000044   0x2000             MOVS     R0,#+0
   \   00000046   0x9005             STR      R0,[SP, #+20]
   \   00000048   0x2000             MOVS     R0,#+0
   \   0000004A   0x9004             STR      R0,[SP, #+16]
   \   0000004C   0x2080             MOVS     R0,#+128
   \   0000004E   0x9003             STR      R0,[SP, #+12]
   \   00000050   0x200C             MOVS     R0,#+12
   \   00000052   0x9002             STR      R0,[SP, #+8]
   \   00000054   0x....             LDR.N    R0,??DataTable4_18
   \   00000056   0x9001             STR      R0,[SP, #+4]
   \   00000058   0x2004             MOVS     R0,#+4
   \   0000005A   0x9000             STR      R0,[SP, #+0]
   \   0000005C   0x2300             MOVS     R3,#+0
   \   0000005E   0x....             LDR.N    R2,??DataTable4_19
   \   00000060   0x....             LDR.N    R1,??DataTable4_20
   \   00000062   0x....             LDR.N    R0,??DataTable4_21
   \   00000064   0x.... 0x....      BL       OSTaskCreate
    197              OSTaskCreate(&StatusTaskTCB, "Status Task", Status_Task, 0, 5, &StatusTaskStk[0], 12, 128, 0, 0, 0, OS_OPT_TASK_STK_CHK | OS_OPT_TASK_STK_CLR, &err);
   \   00000068   0xA809             ADD      R0,SP,#+36
   \   0000006A   0x9008             STR      R0,[SP, #+32]
   \   0000006C   0x2003             MOVS     R0,#+3
   \   0000006E   0x9007             STR      R0,[SP, #+28]
   \   00000070   0x2000             MOVS     R0,#+0
   \   00000072   0x9006             STR      R0,[SP, #+24]
   \   00000074   0x2000             MOVS     R0,#+0
   \   00000076   0x9005             STR      R0,[SP, #+20]
   \   00000078   0x2000             MOVS     R0,#+0
   \   0000007A   0x9004             STR      R0,[SP, #+16]
   \   0000007C   0x2080             MOVS     R0,#+128
   \   0000007E   0x9003             STR      R0,[SP, #+12]
   \   00000080   0x200C             MOVS     R0,#+12
   \   00000082   0x9002             STR      R0,[SP, #+8]
   \   00000084   0x....             LDR.N    R0,??DataTable4_22
   \   00000086   0x9001             STR      R0,[SP, #+4]
   \   00000088   0x2005             MOVS     R0,#+5
   \   0000008A   0x9000             STR      R0,[SP, #+0]
   \   0000008C   0x2300             MOVS     R3,#+0
   \   0000008E   0x....             LDR.N    R2,??DataTable4_23
   \   00000090   0x....             LDR.N    R1,??DataTable4_24
   \   00000092   0x....             LDR.N    R0,??DataTable4_25
   \   00000094   0x.... 0x....      BL       OSTaskCreate
    198              // Updated Stack Size to 256
    199              OSTaskCreate(&DisplayTaskTCB, "Display Task", Display_Task, 0, 6, &DisplayTaskStk[0], 12, 256, 0, 0, 0, OS_OPT_TASK_STK_CHK | OS_OPT_TASK_STK_CLR, &err);
   \   00000098   0xA809             ADD      R0,SP,#+36
   \   0000009A   0x9008             STR      R0,[SP, #+32]
   \   0000009C   0x2003             MOVS     R0,#+3
   \   0000009E   0x9007             STR      R0,[SP, #+28]
   \   000000A0   0x2000             MOVS     R0,#+0
   \   000000A2   0x9006             STR      R0,[SP, #+24]
   \   000000A4   0x2000             MOVS     R0,#+0
   \   000000A6   0x9005             STR      R0,[SP, #+20]
   \   000000A8   0x2000             MOVS     R0,#+0
   \   000000AA   0x9004             STR      R0,[SP, #+16]
   \   000000AC   0xF44F 0x7080      MOV      R0,#+256
   \   000000B0   0x9003             STR      R0,[SP, #+12]
   \   000000B2   0x200C             MOVS     R0,#+12
   \   000000B4   0x9002             STR      R0,[SP, #+8]
   \   000000B6   0x....             LDR.N    R0,??DataTable4_26
   \   000000B8   0x9001             STR      R0,[SP, #+4]
   \   000000BA   0x2006             MOVS     R0,#+6
   \   000000BC   0x9000             STR      R0,[SP, #+0]
   \   000000BE   0x2300             MOVS     R3,#+0
   \   000000C0   0x....             LDR.N    R2,??DataTable4_27
   \   000000C2   0x....             LDR.N    R1,??DataTable4_28
   \   000000C4   0x....             LDR.N    R0,??DataTable4_29
   \   000000C6   0x.... 0x....      BL       OSTaskCreate
    200              OSTaskCreate(&BluetoothTaskTCB, "BT Task", Bluetooth_Task, 0, 6, &BluetoothTaskStk[0], 12, 128, 0, 0, 0, OS_OPT_TASK_STK_CHK | OS_OPT_TASK_STK_CLR, &err);
   \   000000CA   0xA809             ADD      R0,SP,#+36
   \   000000CC   0x9008             STR      R0,[SP, #+32]
   \   000000CE   0x2003             MOVS     R0,#+3
   \   000000D0   0x9007             STR      R0,[SP, #+28]
   \   000000D2   0x2000             MOVS     R0,#+0
   \   000000D4   0x9006             STR      R0,[SP, #+24]
   \   000000D6   0x2000             MOVS     R0,#+0
   \   000000D8   0x9005             STR      R0,[SP, #+20]
   \   000000DA   0x2000             MOVS     R0,#+0
   \   000000DC   0x9004             STR      R0,[SP, #+16]
   \   000000DE   0x2080             MOVS     R0,#+128
   \   000000E0   0x9003             STR      R0,[SP, #+12]
   \   000000E2   0x200C             MOVS     R0,#+12
   \   000000E4   0x9002             STR      R0,[SP, #+8]
   \   000000E6   0x....             LDR.N    R0,??DataTable4_30
   \   000000E8   0x9001             STR      R0,[SP, #+4]
   \   000000EA   0x2006             MOVS     R0,#+6
   \   000000EC   0x9000             STR      R0,[SP, #+0]
   \   000000EE   0x2300             MOVS     R3,#+0
   \   000000F0   0x....             LDR.N    R2,??DataTable4_31
   \   000000F2   0x....             LDR.N    R1,??DataTable4_32
   \   000000F4   0x....             LDR.N    R0,??DataTable4_33
   \   000000F6   0x.... 0x....      BL       OSTaskCreate
    201              OSTaskCreate(&ServoTaskTCB, "Servo Task", Servo_Task, 0, 7, &ServoTaskStk[0], 12, 128, 0, 0, 0, OS_OPT_TASK_STK_CHK | OS_OPT_TASK_STK_CLR, &err);
   \   000000FA   0xA809             ADD      R0,SP,#+36
   \   000000FC   0x9008             STR      R0,[SP, #+32]
   \   000000FE   0x2003             MOVS     R0,#+3
   \   00000100   0x9007             STR      R0,[SP, #+28]
   \   00000102   0x2000             MOVS     R0,#+0
   \   00000104   0x9006             STR      R0,[SP, #+24]
   \   00000106   0x2000             MOVS     R0,#+0
   \   00000108   0x9005             STR      R0,[SP, #+20]
   \   0000010A   0x2000             MOVS     R0,#+0
   \   0000010C   0x9004             STR      R0,[SP, #+16]
   \   0000010E   0x2080             MOVS     R0,#+128
   \   00000110   0x9003             STR      R0,[SP, #+12]
   \   00000112   0x200C             MOVS     R0,#+12
   \   00000114   0x9002             STR      R0,[SP, #+8]
   \   00000116   0x....             LDR.N    R0,??DataTable4_34
   \   00000118   0x9001             STR      R0,[SP, #+4]
   \   0000011A   0x2007             MOVS     R0,#+7
   \   0000011C   0x9000             STR      R0,[SP, #+0]
   \   0000011E   0x2300             MOVS     R3,#+0
   \   00000120   0x....             LDR.N    R2,??DataTable4_35
   \   00000122   0x....             LDR.N    R1,??DataTable4_36
   \   00000124   0x....             LDR.N    R0,??DataTable4_37
   \   00000126   0x.... 0x....      BL       OSTaskCreate
    202          }
   \   0000012A   0xB00B             ADD      SP,SP,#+44
   \   0000012C   0xBD00             POP      {PC}             ;; return

   \                                 In section .text, align 4, keep-with-next
   \                     ??DataTable4:
   \   00000000   0x........         DC32     g_debug_pir_val

   \                                 In section .text, align 4, keep-with-next
   \                     ??DataTable4_1:
   \   00000000   0x........         DC32     PirDataQ

   \                                 In section .text, align 4, keep-with-next
   \                     ??DataTable4_2:
   \   00000000   0x........         DC32     current_state

   \                                 In section .text, align 4, keep-with-next
   \                     ??DataTable4_3:
   \   00000000   0x........         DC32     StateQ

   \                                 In section .text, align 4, keep-with-next
   \                     ??DataTable4_4:
   \   00000000   0x........         DC32     idle_counter

   \                                 In section .text, align 4, keep-with-next
   \                     ??DataTable4_5:
   \   00000000   0x........         DC32     suspicious_counter

   \                                 In section .text, align 4, keep-with-next
   \                     ??DataTable4_6:
   \   00000000   0x........         DC32     ServoQ

   \                                 In section .text, align 4, keep-with-next
   \                     ??DataTable4_7:
   \   00000000   0x........         DC32     ?_0

   \                                 In section .text, align 4, keep-with-next
   \                     ??DataTable4_8:
   \   00000000   0x........         DC32     ?_4

   \                                 In section .text, align 4, keep-with-next
   \                     ??DataTable4_9:
   \   00000000   0x........         DC32     ?_2

   \                                 In section .text, align 4, keep-with-next
   \                     ??DataTable4_10:
   \   00000000   0x........         DC32     ?_3

   \                                 In section .text, align 4, keep-with-next
   \                     ??DataTable4_11:
   \   00000000   0x........         DC32     ?_5

   \                                 In section .text, align 4, keep-with-next
   \                     ??DataTable4_12:
   \   00000000   0x........         DC32     ?_1

   \                                 In section .text, align 4, keep-with-next
   \                     ??DataTable4_13:
   \   00000000   0x........         DC32     ?_6

   \                                 In section .text, align 4, keep-with-next
   \                     ??DataTable4_14:
   \   00000000   0x........         DC32     ?_7

   \                                 In section .text, align 4, keep-with-next
   \                     ??DataTable4_15:
   \   00000000   0x........         DC32     ?_8

   \                                 In section .text, align 4, keep-with-next
   \                     ??DataTable4_16:
   \   00000000   0x........         DC32     ?_9

   \                                 In section .text, align 4, keep-with-next
   \                     ??DataTable4_17:
   \   00000000   0x........         DC32     BluetoothRxQ

   \                                 In section .text, align 4, keep-with-next
   \                     ??DataTable4_18:
   \   00000000   0x........         DC32     PirTaskStk

   \                                 In section .text, align 4, keep-with-next
   \                     ??DataTable4_19:
   \   00000000   0x........         DC32     PIR_Task

   \                                 In section .text, align 4, keep-with-next
   \                     ??DataTable4_20:
   \   00000000   0x........         DC32     ?_10

   \                                 In section .text, align 4, keep-with-next
   \                     ??DataTable4_21:
   \   00000000   0x........         DC32     PirTaskTCB

   \                                 In section .text, align 4, keep-with-next
   \                     ??DataTable4_22:
   \   00000000   0x........         DC32     StatusTaskStk

   \                                 In section .text, align 4, keep-with-next
   \                     ??DataTable4_23:
   \   00000000   0x........         DC32     Status_Task

   \                                 In section .text, align 4, keep-with-next
   \                     ??DataTable4_24:
   \   00000000   0x........         DC32     ?_11

   \                                 In section .text, align 4, keep-with-next
   \                     ??DataTable4_25:
   \   00000000   0x........         DC32     StatusTaskTCB

   \                                 In section .text, align 4, keep-with-next
   \                     ??DataTable4_26:
   \   00000000   0x........         DC32     DisplayTaskStk

   \                                 In section .text, align 4, keep-with-next
   \                     ??DataTable4_27:
   \   00000000   0x........         DC32     Display_Task

   \                                 In section .text, align 4, keep-with-next
   \                     ??DataTable4_28:
   \   00000000   0x........         DC32     ?_12

   \                                 In section .text, align 4, keep-with-next
   \                     ??DataTable4_29:
   \   00000000   0x........         DC32     DisplayTaskTCB

   \                                 In section .text, align 4, keep-with-next
   \                     ??DataTable4_30:
   \   00000000   0x........         DC32     BluetoothTaskStk

   \                                 In section .text, align 4, keep-with-next
   \                     ??DataTable4_31:
   \   00000000   0x........         DC32     Bluetooth_Task

   \                                 In section .text, align 4, keep-with-next
   \                     ??DataTable4_32:
   \   00000000   0x........         DC32     ?_13

   \                                 In section .text, align 4, keep-with-next
   \                     ??DataTable4_33:
   \   00000000   0x........         DC32     BluetoothTaskTCB

   \                                 In section .text, align 4, keep-with-next
   \                     ??DataTable4_34:
   \   00000000   0x........         DC32     ServoTaskStk

   \                                 In section .text, align 4, keep-with-next
   \                     ??DataTable4_35:
   \   00000000   0x........         DC32     Servo_Task

   \                                 In section .text, align 4, keep-with-next
   \                     ??DataTable4_36:
   \   00000000   0x........         DC32     ?_14

   \                                 In section .text, align 4, keep-with-next
   \                     ??DataTable4_37:
   \   00000000   0x........         DC32     ServoTaskTCB

   \                                 In section .rodata, align 4
   \                     ?_0:
   \   00000000   0x53 0x79          DC8 "System Ready"
   \              0x73 0x74    
   \              0x65 0x6D    
   \              0x20 0x52    
   \              0x65 0x61    
   \              0x64 0x79    
   \              0x00         
   \   0000000D   0x00 0x00          DC8 0, 0, 0
   \              0x00         

   \                                 In section .rodata, align 4
   \                     ?_1:
   \   00000000   0x53 0x54          DC8 "STATUS: OCCUPIED  "
   \              0x41 0x54    
   \              0x55 0x53    
   \              0x3A 0x20    
   \              0x4F 0x43    
   \              0x43 0x55    
   \              0x50 0x49    
   \              0x45 0x44    
   \              0x20 0x20    
   \              0x00         
   \   00000013   0x00               DC8 0

   \                                 In section .rodata, align 4
   \                     ?_2:
   \   00000000   0x54 0x49          DC8 "TIME: %d s        "
   \              0x4D 0x45    
   \              0x3A 0x20    
   \              0x25 0x64    
   \              0x20 0x73    
   \              0x20 0x20    
   \              0x20 0x20    
   \              0x20 0x20    
   \              0x20 0x20    
   \              0x00         
   \   00000013   0x00               DC8 0

   \                                 In section .rodata, align 4
   \                     ?_3:
   \   00000000   0x53 0x54          DC8 "STATUS: VACANT    "
   \              0x41 0x54    
   \              0x55 0x53    
   \              0x3A 0x20    
   \              0x56 0x41    
   \              0x43 0x41    
   \              0x4E 0x54    
   \              0x20 0x20    
   \              0x20 0x20    
   \              0x00         
   \   00000013   0x00               DC8 0

   \                                 In section .rodata, align 4
   \                     ?_4:
   \   00000000   0x53 0x54          DC8 "STATUS: SUSPICIOUS"
   \              0x41 0x54    
   \              0x55 0x53    
   \              0x3A 0x20    
   \              0x53 0x55    
   \              0x53 0x50    
   \              0x49 0x43    
   \              0x49 0x4F    
   \              0x55 0x53    
   \              0x00         
   \   00000013   0x00               DC8 0

   \                                 In section .rodata, align 4
   \                     ?_5:
   \   00000000   0x50 0x49          DC8 "PIR:%d  LIVE:%d"
   \              0x52 0x3A    
   \              0x25 0x64    
   \              0x20 0x20    
   \              0x4C 0x49    
   \              0x56 0x45    
   \              0x3A 0x25    
   \              0x64 0x00    

   \                                 In section .rodata, align 4
   \                     ?_6:
   \   00000000   0x50 0x69          DC8 "PirQ"
   \              0x72 0x51    
   \              0x00         
   \   00000005   0x00 0x00          DC8 0, 0, 0
   \              0x00         

   \                                 In section .rodata, align 4
   \                     ?_7:
   \   00000000   0x53 0x74          DC8 "StateQ"
   \              0x61 0x74    
   \              0x65 0x51    
   \              0x00         
   \   00000007   0x00               DC8 0

   \                                 In section .rodata, align 4
   \                     ?_8:
   \   00000000   0x53 0x65          DC8 "ServoQ"
   \              0x72 0x76    
   \              0x6F 0x51    
   \              0x00         
   \   00000007   0x00               DC8 0

   \                                 In section .rodata, align 4
   \                     ?_9:
   \   00000000   0x42 0x6C          DC8 "BluetoothRxQ"
   \              0x75 0x65    
   \              0x74 0x6F    
   \              0x6F 0x74    
   \              0x68 0x52    
   \              0x78 0x51    
   \              0x00         
   \   0000000D   0x00 0x00          DC8 0, 0, 0
   \              0x00         

   \                                 In section .rodata, align 4
   \                     ?_10:
   \   00000000   0x50 0x49          DC8 "PIR Task"
   \              0x52 0x20    
   \              0x54 0x61    
   \              0x73 0x6B    
   \              0x00         
   \   00000009   0x00 0x00          DC8 0, 0, 0
   \              0x00         

   \                                 In section .rodata, align 4
   \                     ?_11:
   \   00000000   0x53 0x74          DC8 "Status Task"
   \              0x61 0x74    
   \              0x75 0x73    
   \              0x20 0x54    
   \              0x61 0x73    
   \              0x6B 0x00    

   \                                 In section .rodata, align 4
   \                     ?_12:
   \   00000000   0x44 0x69          DC8 "Display Task"
   \              0x73 0x70    
   \              0x6C 0x61    
   \              0x79 0x20    
   \              0x54 0x61    
   \              0x73 0x6B    
   \              0x00         
   \   0000000D   0x00 0x00          DC8 0, 0, 0
   \              0x00         

   \                                 In section .rodata, align 4
   \                     ?_13:
   \   00000000   0x42 0x54          DC8 "BT Task"
   \              0x20 0x54    
   \              0x61 0x73    
   \              0x6B 0x00    

   \                                 In section .rodata, align 4
   \                     ?_14:
   \   00000000   0x53 0x65          DC8 "Servo Task"
   \              0x72 0x76    
   \              0x6F 0x20    
   \              0x54 0x61    
   \              0x73 0x6B    
   \              0x00         
   \   0000000B   0x00               DC8 0

   Maximum stack usage in bytes:

   .cstack Function
   ------- --------
      48   AppTaskStart
        48   -> BSP_Init
        48   -> OSQCreate
        48   -> OSTaskCreate
      16   Bluetooth_Task
        16   -> OSTimeDlyHMSM
      88   Display_Task
        88   -> LCD_Clear
        88   -> LCD_ShowString
        88   -> OSQPend
        88   -> OSTimeDlyHMSM
        88   -> sprintf
      16   PIR_Task
        16   -> OSQPost
        16   -> OSTimeDlyHMSM
        16   -> PIR_Read
      16   Servo_Task
        16   -> OSQPend
        16   -> OSTimeDlyHMSM
        16   -> Servo_SetAngle
      24   Status_Task
        24   -> LED_Set
        24   -> LightSensor_Read
        24   -> OSQPend
        24   -> OSQPost


   Section sizes:

   Bytes  Function/Label
   -----  --------------
       4  ??DataTable4
       4  ??DataTable4_1
       4  ??DataTable4_10
       4  ??DataTable4_11
       4  ??DataTable4_12
       4  ??DataTable4_13
       4  ??DataTable4_14
       4  ??DataTable4_15
       4  ??DataTable4_16
       4  ??DataTable4_17
       4  ??DataTable4_18
       4  ??DataTable4_19
       4  ??DataTable4_2
       4  ??DataTable4_20
       4  ??DataTable4_21
       4  ??DataTable4_22
       4  ??DataTable4_23
       4  ??DataTable4_24
       4  ??DataTable4_25
       4  ??DataTable4_26
       4  ??DataTable4_27
       4  ??DataTable4_28
       4  ??DataTable4_29
       4  ??DataTable4_3
       4  ??DataTable4_30
       4  ??DataTable4_31
       4  ??DataTable4_32
       4  ??DataTable4_33
       4  ??DataTable4_34
       4  ??DataTable4_35
       4  ??DataTable4_36
       4  ??DataTable4_37
       4  ??DataTable4_4
       4  ??DataTable4_5
       4  ??DataTable4_6
       4  ??DataTable4_7
       4  ??DataTable4_8
       4  ??DataTable4_9
      16  ?_0
      20  ?_1
      12  ?_10
      12  ?_11
      16  ?_12
       8  ?_13
      12  ?_14
      20  ?_2
      20  ?_3
      20  ?_4
      16  ?_5
       8  ?_6
       8  ?_7
       8  ?_8
      16  ?_9
     302  AppTaskStart
      24  BluetoothRxQ
     512  BluetoothTaskStk
     168  BluetoothTaskTCB
      24  Bluetooth_Task
    1024  DisplayTaskStk
     168  DisplayTaskTCB
     260  Display_Task
       1  MSG_TOUCH_RESET_CODE
      78  PIR_Task
      24  PirDataQ
     512  PirTaskStk
     168  PirTaskTCB
      24  ServoQ
     512  ServoTaskStk
     168  ServoTaskTCB
      66  Servo_Task
      24  StateQ
     512  StatusTaskStk
     168  StatusTaskTCB
     360  Status_Task
       1  current_state
       1  g_debug_pir_val
       4  idle_counter
       4  suspicious_counter

 
 4 017 bytes in section .bss
     1 byte  in section .data
   213 bytes in section .rodata
 1 242 bytes in section .text
 
 1 242 bytes of CODE  memory
   213 bytes of CONST memory
 4 018 bytes of DATA  memory

Errors: none
Warnings: 7
