###############################################################################
#
# IAR ANSI C/C++ Compiler V8.22.1.15669/W32 for ARM       20/Dec/2025  16:25:38
# Copyright 1999-2018 IAR Systems AB.
#
#    Cpu mode     =  thumb
#    Endian       =  little
#    Source file  =  
#        C:\Users\pnu3\Desktop\deskproject\Embedded_System_TermProject\Micrium\Software\uCOS-III\Source\os_var.c
#    Command line =  
#        -f C:\Users\pnu3\AppData\Local\Temp\EW3D66.tmp
#        (C:\Users\pnu3\Desktop\deskproject\Embedded_System_TermProject\Micrium\Software\uCOS-III\Source\os_var.c
#        -D USE_STDPERIPH_DRIVER -D STM32F10X_CL -lC
#        C:\Users\pnu3\Desktop\deskproject\Embedded_System_TermProject\Debug\List
#        -o
#        C:\Users\pnu3\Desktop\deskproject\Embedded_System_TermProject\Debug\Obj
#        --no_cse --no_unroll --no_inline --no_code_motion --no_tbaa
#        --no_clustering --no_scheduling --debug --endian=little
#        --cpu=Cortex-M3 -e --fpu=None --dlib_config "C:\Program Files
#        (x86)\IAR Systems\Embedded Workbench
#        8.0\arm\INC\c\DLib_Config_Normal.h" -I
#        C:\Users\pnu3\Desktop\deskproject\Embedded_System_TermProject\libraries\CMSIS\DeviceSupport\
#        -I
#        C:\Users\pnu3\Desktop\deskproject\Embedded_System_TermProject\libraries\CMSIS\DeviceSupport\Startup\
#        -I
#        C:\Users\pnu3\Desktop\deskproject\Embedded_System_TermProject\libraries\STM32F10x_StdPeriph_Driver_v3.5\inc\
#        -I
#        C:\Users\pnu3\Desktop\deskproject\Embedded_System_TermProject\libraries\STM32F10x_StdPeriph_Driver_v3.5\src\
#        -I C:\Users\pnu3\Desktop\deskproject\Embedded_System_TermProject\user\
#        -I
#        C:\Users\pnu3\Desktop\deskproject\Embedded_System_TermProject\user\inc\
#        -I
#        C:\Users\pnu3\Desktop\deskproject\Embedded_System_TermProject\libraries\LCD\
#        -I
#        C:\Users\pnu3\Desktop\deskproject\Embedded_System_TermProject\Micrium\Software\uC-CPU\
#        -I
#        C:\Users\pnu3\Desktop\deskproject\Embedded_System_TermProject\Micrium\Software\uC-CPU\ARM-Cortex-M\ARMv7-M\IAR\
#        -I
#        C:\Users\pnu3\Desktop\deskproject\Embedded_System_TermProject\Micrium\Software\uCOS-III\Source\
#        -I
#        C:\Users\pnu3\Desktop\deskproject\Embedded_System_TermProject\Micrium\Software\uCOS-III\Ports\ARM-Cortex-M\ARMv7-M\IAR\
#        -I
#        C:\Users\pnu3\Desktop\deskproject\Embedded_System_TermProject\user\uCOS-III\
#        -I
#        C:\Users\pnu3\Desktop\deskproject\Embedded_System_TermProject\Micrium\Software\uC-LIB\
#        -Ol -I "C:\Program Files (x86)\IAR Systems\Embedded Workbench
#        8.0\arm\CMSIS\Core\Include\" -I "C:\Program Files (x86)\IAR
#        Systems\Embedded Workbench 8.0\arm\CMSIS\DSP\Include\")
#    Locale       =  C
#    List file    =  
#        C:\Users\pnu3\Desktop\deskproject\Embedded_System_TermProject\Debug\List\os_var.lst
#    Object file  =  
#        C:\Users\pnu3\Desktop\deskproject\Embedded_System_TermProject\Debug\Obj\os_var.o
#
###############################################################################

C:\Users\pnu3\Desktop\deskproject\Embedded_System_TermProject\Micrium\Software\uCOS-III\Source\os_var.c
      1          /*
      2          *********************************************************************************************************
      3          *                                              uC/OS-III
      4          *                                        The Real-Time Kernel
      5          *
      6          *                    Copyright 2009-2022 Silicon Laboratories Inc. www.silabs.com
      7          *
      8          *                                 SPDX-License-Identifier: APACHE-2.0
      9          *
     10          *               This software is subject to an open source license and is distributed by
     11          *                Silicon Laboratories Inc. pursuant to the terms of the Apache License,
     12          *                    Version 2.0 available at www.apache.org/licenses/LICENSE-2.0.
     13          *
     14          *********************************************************************************************************
     15          */
     16          
     17          /*
     18          *********************************************************************************************************
     19          *                                               VARIABLES
     20          *
     21          * File    : os_var.c
     22          * Version : V3.08.02
     23          *********************************************************************************************************
     24          */
     25          
     26          #define   OS_GLOBALS
     27          
     28          #define  MICRIUM_SOURCE
     29          #include "os.h"

   \                                 In section .bss, align 4
   \   __absolute OS_APP_HOOK_TCB OS_AppTaskCreateHookPtr
   \                     OS_AppTaskCreateHookPtr:
   \   00000000                      DS8 4

   \                                 In section .bss, align 4
   \   __absolute OS_APP_HOOK_TCB OS_AppTaskDelHookPtr
   \                     OS_AppTaskDelHookPtr:
   \   00000000                      DS8 4

   \                                 In section .bss, align 4
   \   __absolute OS_APP_HOOK_TCB OS_AppTaskReturnHookPtr
   \                     OS_AppTaskReturnHookPtr:
   \   00000000                      DS8 4

   \                                 In section .bss, align 4
   \   __absolute void (*)(void) OS_AppIdleTaskHookPtr
   \                     OS_AppIdleTaskHookPtr:
   \   00000000                      DS8 4

   \                                 In section .bss, align 4
   \   __absolute void (*)(void) OS_AppStatTaskHookPtr
   \                     OS_AppStatTaskHookPtr:
   \   00000000                      DS8 4

   \                                 In section .bss, align 4
   \   __absolute void (*)(void) OS_AppTaskSwHookPtr
   \                     OS_AppTaskSwHookPtr:
   \   00000000                      DS8 4

   \                                 In section .bss, align 4
   \   __absolute void (*)(void) OS_AppTimeTickHookPtr
   \                     OS_AppTimeTickHookPtr:
   \   00000000                      DS8 4

   \                                 In section .bss, align 4
   \   __absolute OS_TCB OSIdleTaskTCB
   \                     OSIdleTaskTCB:
   \   00000000                      DS8 168

   \                                 In section .bss, align 1
   \   __absolute CPU_INT08U OSIntNestingCtr
   \                     OSIntNestingCtr:
   \   00000000                      DS8 1

   \                                 In section .bss, align 1
   \   __absolute OS_STATE OSRunning
   \                     OSRunning:
   \   00000000                      DS8 1

   \                                 In section .bss, align 1
   \   __absolute OS_STATE OSInitialized
   \                     OSInitialized:
   \   00000000                      DS8 1

   \                                 In section .bss, align 4
   \   __absolute CPU_INT32U OSISRStkFree
   \                     OSISRStkFree:
   \   00000000                      DS8 4

   \                                 In section .bss, align 4
   \   __absolute CPU_INT32U OSISRStkUsed
   \                     OSISRStkUsed:
   \   00000000                      DS8 4

   \                                 In section .bss, align 4
   \   __absolute OS_MSG_POOL OSMsgPool
   \                     OSMsgPool:
   \   00000000                      DS8 8

   \                                 In section .bss, align 1
   \   __absolute OS_PRIO OSPrioCur
   \                     OSPrioCur:
   \   00000000                      DS8 1

   \                                 In section .bss, align 1
   \   __absolute OS_PRIO OSPrioHighRdy
   \                     OSPrioHighRdy:
   \   00000000                      DS8 1

   \                                 In section .bss, align 4
   \   __absolute CPU_DATA OSPrioTbl[2]
   \                     OSPrioTbl:
   \   00000000                      DS8 8

   \                                 In section .bss, align 4
   \   __absolute OS_RDY_LIST OSRdyList[64]
   \                     OSRdyList:
   \   00000000                      DS8 512

   \                                 In section .bss, align 1
   \   __absolute CPU_INT08U OSSchedLockNestingCtr
   \                     OSSchedLockNestingCtr:
   \   00000000                      DS8 1

   \                                 In section .bss, align 4
   \   __absolute OS_TICK OSSchedRoundRobinDfltTimeQuanta
   \                     OSSchedRoundRobinDfltTimeQuanta:
   \   00000000                      DS8 4

   \                                 In section .bss, align 1
   \   __absolute CPU_BOOLEAN OSSchedRoundRobinEn
   \                     OSSchedRoundRobinEn:
   \   00000000                      DS8 1

   \                                 In section .bss, align 1
   \   __absolute CPU_BOOLEAN OSStatResetFlag
   \                     OSStatResetFlag:
   \   00000000                      DS8 1

   \                                 In section .bss, align 2
   \   __absolute CPU_INT16U OSStatTaskCPUUsage
   \                     OSStatTaskCPUUsage:
   \   00000000                      DS8 2

   \                                 In section .bss, align 2
   \   __absolute CPU_INT16U OSStatTaskCPUUsageMax
   \                     OSStatTaskCPUUsageMax:
   \   00000000                      DS8 2

   \                                 In section .bss, align 4
   \   __absolute OS_TICK OSStatTaskCtr
   \                     OSStatTaskCtr:
   \   00000000                      DS8 4

   \                                 In section .bss, align 4
   \   __absolute OS_TICK OSStatTaskCtrMax
   \                     OSStatTaskCtrMax:
   \   00000000                      DS8 4

   \                                 In section .bss, align 4
   \   __absolute OS_TICK OSStatTaskCtrRun
   \                     OSStatTaskCtrRun:
   \   00000000                      DS8 4

   \                                 In section .bss, align 1
   \   __absolute CPU_BOOLEAN OSStatTaskRdy
   \                     OSStatTaskRdy:
   \   00000000                      DS8 1

   \                                 In section .bss, align 4
   \   __absolute OS_TCB OSStatTaskTCB
   \                     OSStatTaskTCB:
   \   00000000                      DS8 168

   \                                 In section .bss, align 4
   \   __absolute CPU_INT32U OSTaskCtxSwCtr
   \                     OSTaskCtxSwCtr:
   \   00000000                      DS8 4

   \                                 In section .bss, align 2
   \   __absolute OS_OBJ_QTY OSTaskQty
   \                     OSTaskQty:
   \   00000000                      DS8 2

   \                                 In section .bss, align 1
   \   __absolute OS_REG_ID OSTaskRegNextAvailID
   \                     OSTaskRegNextAvailID:
   \   00000000                      DS8 1

   \                                 In section .bss, align 4
   \   __absolute OS_TICK OSTickCtr
   \                     OSTickCtr:
   \   00000000                      DS8 4

   \                                 In section .bss, align 4
   \   __absolute OS_TICK_LIST OSTickList
   \                     OSTickList:
   \   00000000                      DS8 4

   \                                 In section .bss, align 4
   \   __absolute OS_TMR *OSTmrListPtr
   \                     OSTmrListPtr:
   \   00000000                      DS8 4

   \                                 In section .bss, align 4
   \   __absolute OS_COND OSTmrCond
   \                     OSTmrCond:
   \   00000000                      DS8 16

   \                                 In section .bss, align 4
   \   __absolute OS_MUTEX OSTmrMutex
   \                     OSTmrMutex:
   \   00000000                      DS8 24

   \                                 In section .bss, align 4
   \   __absolute OS_TCB OSTmrTaskTCB
   \                     OSTmrTaskTCB:
   \   00000000                      DS8 168

   \                                 In section .bss, align 4
   \   __absolute OS_TICK OSTmrTaskTickBase
   \                     OSTmrTaskTickBase:
   \   00000000                      DS8 4

   \                                 In section .bss, align 4
   \   __absolute OS_TICK OSTmrToTicksMult
   \                     OSTmrToTicksMult:
   \   00000000                      DS8 4

   \                                 In section .bss, align 4
   \   __absolute OS_TCB *OSTCBCurPtr
   \                     OSTCBCurPtr:
   \   00000000                      DS8 4

   \                                 In section .bss, align 4
   \   __absolute OS_TCB *OSTCBHighRdyPtr
   \                     OSTCBHighRdyPtr:
   \   00000000                      DS8 4
     30          
     31          #ifdef VSC_INCLUDE_SOURCE_FILE_NAMES
     32          const  CPU_CHAR  *os_var__c = "$Id: $";
     33          #endif


   Section sizes:

   Bytes  Function/Label
   -----  --------------
       4  OSISRStkFree
       4  OSISRStkUsed
     168  OSIdleTaskTCB
       1  OSInitialized
       1  OSIntNestingCtr
       8  OSMsgPool
       1  OSPrioCur
       1  OSPrioHighRdy
       8  OSPrioTbl
     512  OSRdyList
       1  OSRunning
       1  OSSchedLockNestingCtr
       4  OSSchedRoundRobinDfltTimeQuanta
       1  OSSchedRoundRobinEn
       1  OSStatResetFlag
       2  OSStatTaskCPUUsage
       2  OSStatTaskCPUUsageMax
       4  OSStatTaskCtr
       4  OSStatTaskCtrMax
       4  OSStatTaskCtrRun
       1  OSStatTaskRdy
     168  OSStatTaskTCB
       4  OSTCBCurPtr
       4  OSTCBHighRdyPtr
       4  OSTaskCtxSwCtr
       2  OSTaskQty
       1  OSTaskRegNextAvailID
       4  OSTickCtr
       4  OSTickList
      16  OSTmrCond
       4  OSTmrListPtr
      24  OSTmrMutex
     168  OSTmrTaskTCB
       4  OSTmrTaskTickBase
       4  OSTmrToTicksMult
       4  OS_AppIdleTaskHookPtr
       4  OS_AppStatTaskHookPtr
       4  OS_AppTaskCreateHookPtr
       4  OS_AppTaskDelHookPtr
       4  OS_AppTaskReturnHookPtr
       4  OS_AppTaskSwHookPtr
       4  OS_AppTimeTickHookPtr

 
 1 172 bytes in section .bss
 
 1 172 bytes of DATA memory

Errors: none
Warnings: none
